<?xml version="1.0" encoding="UTF-8"?>
<!-- Generated by org.testng.reporters.JUnitXMLReporter -->
<testsuite ignored="0" hostname="LAPTOP-6L05A88V" failures="1" tests="3" name="Sanity" time="0.144" errors="0" timestamp="2022-03-27T11:32:29 IST">
  <testcase classname="listeners.Listen1" name="mytest2" time="0.015">
    <failure type="java.lang.AssertionError" message="expected [Dinesh] but found [dinesh]">
      <![CDATA[java.lang.AssertionError: expected [Dinesh] but found [dinesh]
at listeners.Listen1.mytest2(Listen1.java:25)
at java.base/java.util.ArrayList.forEach(ArrayList.java:1511)
... Removed 33 stack frames]]>
    </failure>
  </testcase> <!-- mytest2 -->
  <testcase classname="listeners.Listen1" name="mytest1" time="0.002"/>
  <testcase classname="listeners.Listen1" name="mytest3" time="0.0">
    <skipped/>
  </testcase> <!-- mytest3 -->
</testsuite> <!-- Sanity -->
