<?xml version="1.0" encoding="UTF-8"?>
<!-- Generated by org.testng.reporters.JUnitXMLReporter -->
<testsuite ignored="1" hostname="LAPTOP-6L05A88V" failures="1" tests="1" name="Test(failed)" time="0.068" errors="0" timestamp="2022-03-18T17:36:23 IST">
  <testcase classname="RS_TestNG.Login" name="Homepage" time="0.01">
    <failure type="java.lang.AssertionError" message="expected [false] but found [true]">
      <![CDATA[java.lang.AssertionError: expected [false] but found [true]
at RS_TestNG.Login.Homepage(Login.java:14)
at java.base/java.util.ArrayList.forEach(ArrayList.java:1511)
... Removed 31 stack frames]]>
    </failure>
  </testcase> <!-- Homepage -->
  <testcase classname="RS_TestNG.Login" name="login" time="0.0">
    <ignored/>
  </testcase> <!-- login -->
</testsuite> <!-- Test(failed) -->
